# JRE version: Java(TM) SE Runtime Environment (12.0.2+10) (build 12.0.2+10)
# Java VM: Java HotSpot(TM) 64-Bit Server VM (12.0.2+10, mixed mode, tiered, jvmci, jvmci compiler, g1 gc, linux-amd64)
Heap:
 garbage-first heap   total 548864K, used 210272K [0x00007f7dea000000, 0x00007f8a6a000000)
  region size 8192K, 24 young (196608K), 5 survivors (40960K)
 Metaspace       used 31514K, capacity 31885K, committed 32000K, reserved 32768K
GC Heap History (10 events):
Event: 0.807 GC heap before
{Heap before GC invocations=4 (full 0):
 garbage-first heap   total 65536K, used 29081K [0x00007f7dea000000, 0x00007f8a6a000000)
  region size 8192K, 3 young (24576K), 1 survivors (8192K)
 Metaspace       used 29130K, capacity 29490K, committed 29696K, reserved 30720K
}
Event: 0.811 GC heap after
{Heap after GC invocations=5 (full 0):
 garbage-first heap   total 65536K, used 14649K [0x00007f7dea000000, 0x00007f8a6a000000)
  region size 8192K, 1 young (8192K), 1 survivors (8192K)
 Metaspace       used 29130K, capacity 29490K, committed 29696K, reserved 30720K
}
Event: 0.833 GC heap before
{Heap before GC invocations=5 (full 0):
 garbage-first heap   total 65536K, used 31033K [0x00007f7dea000000, 0x00007f8a6a000000)
  region size 8192K, 3 young (24576K), 1 survivors (8192K)
 Metaspace       used 29587K, capacity 29961K, committed 30208K, reserved 30720K
}
Event: 0.838 GC heap after
{Heap after GC invocations=6 (full 0):
 garbage-first heap   total 548864K, used 15670K [0x00007f7dea000000, 0x00007f8a6a000000)
  region size 8192K, 1 young (8192K), 1 survivors (8192K)
 Metaspace       used 29587K, capacity 29961K, committed 30208K, reserved 30720K
}
Event: 1.103 GC heap before
{Heap before GC invocations=6 (full 0):
 garbage-first heap   total 548864K, used 130358K [0x00007f7dea000000, 0x00007f8a6a000000)
  region size 8192K, 15 young (122880K), 1 survivors (8192K)
 Metaspace       used 31135K, capacity 31540K, committed 31744K, reserved 32768K
}
Event: 1.106 GC heap after
{Heap after GC invocations=7 (full 0):
 garbage-first heap   total 548864K, used 18712K [0x00007f7dea000000, 0x00007f8a6a000000)
  region size 8192K, 1 young (8192K), 1 survivors (8192K)
 Metaspace       used 31135K, capacity 31540K, committed 31744K, reserved 32768K
}
Event: 1.505 GC heap before
{Heap before GC invocations=7 (full 0):
 garbage-first heap   total 548864K, used 223512K [0x00007f7dea000000, 0x00007f8a6a000000)
  region size 8192K, 26 young (212992K), 1 survivors (8192K)
 Metaspace       used 31398K, capacity 31806K, committed 32000K, reserved 32768K
}
Event: 1.507 GC heap after
{Heap after GC invocations=8 (full 0):
 garbage-first heap   total 548864K, used 17712K [0x00007f7dea000000, 0x00007f8a6a000000)
  region size 8192K, 1 young (8192K), 1 survivors (8192K)
 Metaspace       used 31398K, capacity 31806K, committed 32000K, reserved 32768K
}
Event: 1.710 GC heap before
{Heap before GC invocations=8 (full 0):
 garbage-first heap   total 548864K, used 288048K [0x00007f7dea000000, 0x00007f8a6a000000)
  region size 8192K, 34 young (278528K), 1 survivors (8192K)
 Metaspace       used 31494K, capacity 31885K, committed 32000K, reserved 32768K
}
Event: 1.720 GC heap after
{Heap after GC invocations=9 (full 0):
 garbage-first heap   total 548864K, used 62816K [0x00007f7dea000000, 0x00007f8a6a000000)
  region size 8192K, 5 young (40960K), 5 survivors (40960K)
 Metaspace       used 31494K, capacity 31885K, committed 32000K, reserved 32768K
}

