# JRE version: Java(TM) SE Runtime Environment (12.0.2+10) (build 12.0.2+10)
# Java VM: Java HotSpot(TM) 64-Bit Server VM (12.0.2+10, mixed mode, tiered, jvmci, jvmci compiler, g1 gc, linux-amd64)
Heap:
 garbage-first heap   total 712704K, used 399287K [0x00007f2508000000, 0x00007f3188000000)
  region size 8192K, 43 young (352256K), 1 survivors (8192K)
 Metaspace       used 31791K, capacity 32146K, committed 32256K, reserved 32768K
GC Heap History (10 events):
Event: 2.460 GC heap before
{Heap before GC invocations=10 (full 0):
 garbage-first heap   total 712704K, used 375783K [0x00007f2508000000, 0x00007f3188000000)
  region size 8192K, 39 young (319488K), 1 survivors (8192K)
 Metaspace       used 31780K, capacity 32146K, committed 32256K, reserved 32768K
}
Event: 2.462 GC heap after
{Heap after GC invocations=11 (full 0):
 garbage-first heap   total 712704K, used 64787K [0x00007f2508000000, 0x00007f3188000000)
  region size 8192K, 1 young (8192K), 1 survivors (8192K)
 Metaspace       used 31780K, capacity 32146K, committed 32256K, reserved 32768K
}
Event: 3.050 GC heap before
{Heap before GC invocations=11 (full 0):
 garbage-first heap   total 712704K, used 482579K [0x00007f2508000000, 0x00007f3188000000)
  region size 8192K, 52 young (425984K), 1 survivors (8192K)
 Metaspace       used 31788K, capacity 32146K, committed 32256K, reserved 32768K
}
Event: 3.052 GC heap after
{Heap after GC invocations=12 (full 0):
 garbage-first heap   total 712704K, used 63567K [0x00007f2508000000, 0x00007f3188000000)
  region size 8192K, 1 young (8192K), 1 survivors (8192K)
 Metaspace       used 31788K, capacity 32146K, committed 32256K, reserved 32768K
}
Event: 3.730 GC heap before
{Heap before GC invocations=12 (full 0):
 garbage-first heap   total 712704K, used 481359K [0x00007f2508000000, 0x00007f3188000000)
  region size 8192K, 52 young (425984K), 1 survivors (8192K)
 Metaspace       used 31788K, capacity 32146K, committed 32256K, reserved 32768K
}
Event: 3.732 GC heap after
{Heap after GC invocations=13 (full 0):
 garbage-first heap   total 712704K, used 63441K [0x00007f2508000000, 0x00007f3188000000)
  region size 8192K, 1 young (8192K), 1 survivors (8192K)
 Metaspace       used 31788K, capacity 32146K, committed 32256K, reserved 32768K
}
Event: 4.534 GC heap before
{Heap before GC invocations=13 (full 0):
 garbage-first heap   total 712704K, used 481233K [0x00007f2508000000, 0x00007f3188000000)
  region size 8192K, 52 young (425984K), 1 survivors (8192K)
 Metaspace       used 31788K, capacity 32146K, committed 32256K, reserved 32768K
}
Event: 4.536 GC heap after
{Heap after GC invocations=14 (full 0):
 garbage-first heap   total 712704K, used 63423K [0x00007f2508000000, 0x00007f3188000000)
  region size 8192K, 1 young (8192K), 1 survivors (8192K)
 Metaspace       used 31788K, capacity 32146K, committed 32256K, reserved 32768K
}
Event: 5.307 GC heap before
{Heap before GC invocations=14 (full 0):
 garbage-first heap   total 712704K, used 481215K [0x00007f2508000000, 0x00007f3188000000)
  region size 8192K, 52 young (425984K), 1 survivors (8192K)
 Metaspace       used 31788K, capacity 32146K, committed 32256K, reserved 32768K
}
Event: 5.308 GC heap after
{Heap after GC invocations=15 (full 0):
 garbage-first heap   total 712704K, used 63415K [0x00007f2508000000, 0x00007f3188000000)
  region size 8192K, 1 young (8192K), 1 survivors (8192K)
 Metaspace       used 31788K, capacity 32146K, committed 32256K, reserved 32768K
}

