# JRE version: Java(TM) SE Runtime Environment (12.0.1+12) (build 12.0.1+12)
# Java VM: Java HotSpot(TM) 64-Bit Server VM (12.0.1+12, mixed mode, sharing, tiered, compressed oops, g1 gc, linux-amd64)
Heap:
 garbage-first heap   total 1249280K, used 189742K [0x0000000412800000, 0x0000000800000000)
  region size 4096K, 3 young (12288K), 3 survivors (12288K)
 Metaspace       used 1091K, capacity 5017K, committed 5376K, reserved 1056768K
  class space    used 56K, capacity 424K, committed 512K, reserved 1048576K
GC Heap History (10 events):
Event: 4.209 GC heap after
{Heap after GC invocations=5 (full 0):
 garbage-first heap   total 1040384K, used 51220K [0x0000000412800000, 0x0000000800000000)
  region size 4096K, 1 young (4096K), 1 survivors (4096K)
 Metaspace       used 572K, capacity 4552K, committed 4864K, reserved 1056768K
  class space    used 27K, capacity 388K, committed 512K, reserved 1048576K
}
Event: 4.630 GC heap before
{Heap before GC invocations=5 (full 0):
 garbage-first heap   total 1040384K, used 411668K [0x0000000412800000, 0x0000000800000000)
  region size 4096K, 89 young (364544K), 1 survivors (4096K)
 Metaspace       used 572K, capacity 4552K, committed 4864K, reserved 1056768K
  class space    used 27K, capacity 388K, committed 512K, reserved 1048576K
}
Event: 4.634 GC heap after
{Heap after GC invocations=6 (full 0):
 garbage-first heap   total 1040384K, used 51220K [0x0000000412800000, 0x0000000800000000)
  region size 4096K, 1 young (4096K), 1 survivors (4096K)
 Metaspace       used 572K, capacity 4552K, committed 4864K, reserved 1056768K
  class space    used 27K, capacity 388K, committed 512K, reserved 1048576K
}
Event: 5.147 GC heap before
{Heap before GC invocations=6 (full 0):
 garbage-first heap   total 1040384K, used 493588K [0x0000000412800000, 0x0000000800000000)
  region size 4096K, 109 young (446464K), 1 survivors (4096K)
 Metaspace       used 572K, capacity 4552K, committed 4864K, reserved 1056768K
  class space    used 27K, capacity 388K, committed 512K, reserved 1048576K
}
Event: 5.151 GC heap after
{Heap after GC invocations=7 (full 0):
 garbage-first heap   total 1040384K, used 51220K [0x0000000412800000, 0x0000000800000000)
  region size 4096K, 1 young (4096K), 1 survivors (4096K)
 Metaspace       used 572K, capacity 4552K, committed 4864K, reserved 1056768K
  class space    used 27K, capacity 388K, committed 512K, reserved 1048576K
}
Event: 5.830 GC heap before
{Heap before GC invocations=7 (full 0):
 garbage-first heap   total 1040384K, used 575508K [0x0000000412800000, 0x0000000800000000)
  region size 4096K, 129 young (528384K), 1 survivors (4096K)
 Metaspace       used 572K, capacity 4552K, committed 4864K, reserved 1056768K
  class space    used 27K, capacity 388K, committed 512K, reserved 1048576K
}
Event: 5.831 GC heap after
{Heap after GC invocations=8 (full 0):
 garbage-first heap   total 1040384K, used 51220K [0x0000000412800000, 0x0000000800000000)
  region size 4096K, 1 young (4096K), 1 survivors (4096K)
 Metaspace       used 572K, capacity 4552K, committed 4864K, reserved 1056768K
  class space    used 27K, capacity 388K, committed 512K, reserved 1048576K
}
Event: 70.110 GC heap before
{Heap before GC invocations=8 (full 0):
 garbage-first heap   total 1040384K, used 636948K [0x0000000412800000, 0x0000000800000000)
  region size 4096K, 144 young (589824K), 1 survivors (4096K)
 Metaspace       used 1091K, capacity 5017K, committed 5376K, reserved 1056768K
  class space    used 56K, capacity 424K, committed 512K, reserved 1048576K
}
Event: 70.296 GC heap after
{Heap after GC invocations=9 (full 0):
 garbage-first heap   total 1040384K, used 177696K [0x0000000412800000, 0x0000000800000000)
  region size 4096K, 18 young (73728K), 18 survivors (73728K)
 Metaspace       used 1091K, capacity 5017K, committed 5376K, reserved 1056768K
  class space    used 56K, capacity 424K, committed 512K, reserved 1048576K
}
Event: 70.711 GC heap before
{Heap before GC invocations=9 (full 0):
 garbage-first heap   total 1040384K, used 185888K [0x0000000412800000, 0x0000000800000000)
  region size 4096K, 20 young (81920K), 18 survivors (73728K)
 Metaspace       used 1091K, capacity 5017K, committed 5376K, reserved 1056768K
  class space    used 56K, capacity 424K, committed 512K, reserved 1048576K
}

