# JRE version: Java(TM) SE Runtime Environment (12.0.2+10) (build 12.0.2+10)
# Java VM: Java HotSpot(TM) 64-Bit Server VM (12.0.2+10, mixed mode, sharing, tiered, compressed oops, g1 gc, linux-amd64)
Heap:
 garbage-first heap   total 1163264K, used 389998K [0x0000000412800000, 0x0000000800000000)
  region size 4096K, 9 young (36864K), 9 survivors (36864K)
 Metaspace       used 1098K, capacity 5017K, committed 5376K, reserved 1056768K
  class space    used 56K, capacity 424K, committed 512K, reserved 1048576K
GC Heap History (10 events):
Event: 829.109 GC heap after
{Heap after GC invocations=234 (full 9):
 garbage-first heap   total 745472K, used 449872K [0x0000000412800000, 0x0000000800000000)
  region size 4096K, 2 young (8192K), 2 survivors (8192K)
 Metaspace       used 1098K, capacity 5017K, committed 5376K, reserved 1056768K
  class space    used 56K, capacity 424K, committed 512K, reserved 1048576K
}
Event: 830.046 GC heap before
{Heap before GC invocations=234 (full 9):
 garbage-first heap   total 745472K, used 478544K [0x0000000412800000, 0x0000000800000000)
  region size 4096K, 9 young (36864K), 2 survivors (8192K)
 Metaspace       used 1098K, capacity 5017K, committed 5376K, reserved 1056768K
  class space    used 56K, capacity 424K, committed 512K, reserved 1048576K
}
Event: 830.108 GC heap after
{Heap after GC invocations=235 (full 9):
 garbage-first heap   total 897024K, used 391036K [0x0000000412800000, 0x0000000800000000)
  region size 4096K, 2 young (8192K), 2 survivors (8192K)
 Metaspace       used 1098K, capacity 5017K, committed 5376K, reserved 1056768K
  class space    used 56K, capacity 424K, committed 512K, reserved 1048576K
}
Event: 831.271 GC heap before
{Heap before GC invocations=235 (full 9):
 garbage-first heap   total 897024K, used 423804K [0x0000000412800000, 0x0000000800000000)
  region size 4096K, 10 young (40960K), 2 survivors (8192K)
 Metaspace       used 1098K, capacity 5017K, committed 5376K, reserved 1056768K
  class space    used 56K, capacity 424K, committed 512K, reserved 1048576K
}
Event: 831.319 GC heap after
{Heap after GC invocations=236 (full 9):
 garbage-first heap   total 897024K, used 345014K [0x0000000412800000, 0x0000000800000000)
  region size 4096K, 2 young (8192K), 2 survivors (8192K)
 Metaspace       used 1098K, capacity 5017K, committed 5376K, reserved 1056768K
  class space    used 56K, capacity 424K, committed 512K, reserved 1048576K
}
Event: 840.062 GC heap before
{Heap before GC invocations=236 (full 9):
 garbage-first heap   total 897024K, used 582582K [0x0000000412800000, 0x0000000800000000)
  region size 4096K, 60 young (245760K), 2 survivors (8192K)
 Metaspace       used 1098K, capacity 5017K, committed 5376K, reserved 1056768K
  class space    used 56K, capacity 424K, committed 512K, reserved 1048576K
}
Event: 840.128 GC heap after
{Heap after GC invocations=237 (full 9):
 garbage-first heap   total 897024K, used 374960K [0x0000000412800000, 0x0000000800000000)
  region size 4096K, 8 young (32768K), 8 survivors (32768K)
 Metaspace       used 1098K, capacity 5017K, committed 5376K, reserved 1056768K
  class space    used 56K, capacity 424K, committed 512K, reserved 1048576K
}
Event: 852.051 GC heap before
{Heap before GC invocations=237 (full 9):
 garbage-first heap   total 897024K, used 612528K [0x0000000412800000, 0x0000000800000000)
  region size 4096K, 66 young (270336K), 8 survivors (32768K)
 Metaspace       used 1098K, capacity 5017K, committed 5376K, reserved 1056768K
  class space    used 56K, capacity 424K, committed 512K, reserved 1048576K
}
Event: 852.108 GC heap after
{Heap after GC invocations=238 (full 9):
 garbage-first heap   total 897024K, used 384456K [0x0000000412800000, 0x0000000800000000)
  region size 4096K, 9 young (36864K), 9 survivors (36864K)
 Metaspace       used 1098K, capacity 5017K, committed 5376K, reserved 1056768K
  class space    used 56K, capacity 424K, committed 512K, reserved 1048576K
}
Event: 863.400 GC heap before
{Heap before GC invocations=238 (full 9):
 garbage-first heap   total 897024K, used 630216K [0x0000000412800000, 0x0000000800000000)
  region size 4096K, 69 young (282624K), 9 survivors (36864K)
 Metaspace       used 1098K, capacity 5017K, committed 5376K, reserved 1056768K
  class space    used 56K, capacity 424K, committed 512K, reserved 1048576K
}

