# JRE version: Java(TM) SE Runtime Environment (12.0.1+12) (build 12.0.1+12)
# Java VM: Java HotSpot(TM) 64-Bit Server VM (12.0.1+12, mixed mode, sharing, tiered, compressed oops, g1 gc, linux-amd64)
Heap:
 garbage-first heap   total 1040384K, used 311848K [0x0000000412800000, 0x0000000800000000)
  region size 4096K, 65 young (266240K), 1 survivors (4096K)
 Metaspace       used 5712K, capacity 5970K, committed 6144K, reserved 1056768K
  class space    used 576K, capacity 664K, committed 768K, reserved 1048576K
GC Heap History (10 events):
Event: 14.414 GC heap before
{Heap before GC invocations=1 (full 0):
 garbage-first heap   total 1040384K, used 618670K [0x0000000412800000, 0x0000000800000000)
  region size 4096K, 151 young (618496K), 2 survivors (8192K)
 Metaspace       used 5243K, capacity 5432K, committed 5504K, reserved 1056768K
  class space    used 549K, capacity 626K, committed 640K, reserved 1048576K
}
Event: 14.428 GC heap after
{Heap after GC invocations=2 (full 0):
 garbage-first heap   total 1040384K, used 53866K [0x0000000412800000, 0x0000000800000000)
  region size 4096K, 13 young (53248K), 13 survivors (53248K)
 Metaspace       used 5243K, capacity 5432K, committed 5504K, reserved 1056768K
  class space    used 549K, capacity 626K, committed 640K, reserved 1048576K
}
Event: 15.885 GC heap before
{Heap before GC invocations=2 (full 0):
 garbage-first heap   total 1040384K, used 594538K [0x0000000412800000, 0x0000000800000000)
  region size 4096K, 145 young (593920K), 13 survivors (53248K)
 Metaspace       used 5243K, capacity 5432K, committed 5504K, reserved 1056768K
  class space    used 549K, capacity 626K, committed 640K, reserved 1048576K
}
Event: 15.898 GC heap after
{Heap after GC invocations=3 (full 0):
 garbage-first heap   total 1040384K, used 53821K [0x0000000412800000, 0x0000000800000000)
  region size 4096K, 1 young (4096K), 1 survivors (4096K)
 Metaspace       used 5243K, capacity 5432K, committed 5504K, reserved 1056768K
  class space    used 549K, capacity 626K, committed 640K, reserved 1048576K
}
Event: 17.460 GC heap before
{Heap before GC invocations=3 (full 0):
 garbage-first heap   total 1040384K, used 606781K [0x0000000412800000, 0x0000000800000000)
  region size 4096K, 136 young (557056K), 1 survivors (4096K)
 Metaspace       used 5243K, capacity 5432K, committed 5504K, reserved 1056768K
  class space    used 549K, capacity 626K, committed 640K, reserved 1048576K
}
Event: 17.462 GC heap after
{Heap after GC invocations=4 (full 0):
 garbage-first heap   total 1040384K, used 53821K [0x0000000412800000, 0x0000000800000000)
  region size 4096K, 1 young (4096K), 1 survivors (4096K)
 Metaspace       used 5243K, capacity 5432K, committed 5504K, reserved 1056768K
  class space    used 549K, capacity 626K, committed 640K, reserved 1048576K
}
Event: 19.178 GC heap before
{Heap before GC invocations=4 (full 0):
 garbage-first heap   total 1040384K, used 668221K [0x0000000412800000, 0x0000000800000000)
  region size 4096K, 151 young (618496K), 1 survivors (4096K)
 Metaspace       used 5243K, capacity 5432K, committed 5504K, reserved 1056768K
  class space    used 549K, capacity 626K, committed 640K, reserved 1048576K
}
Event: 19.179 GC heap after
{Heap after GC invocations=5 (full 0):
 garbage-first heap   total 1040384K, used 53792K [0x0000000412800000, 0x0000000800000000)
  region size 4096K, 1 young (4096K), 1 survivors (4096K)
 Metaspace       used 5243K, capacity 5432K, committed 5504K, reserved 1056768K
  class space    used 549K, capacity 626K, committed 640K, reserved 1048576K
}
Event: 21.159 GC heap before
{Heap before GC invocations=5 (full 0):
 garbage-first heap   total 1040384K, used 668192K [0x0000000412800000, 0x0000000800000000)
  region size 4096K, 151 young (618496K), 1 survivors (4096K)
 Metaspace       used 5243K, capacity 5432K, committed 5504K, reserved 1056768K
  class space    used 549K, capacity 626K, committed 640K, reserved 1048576K
}
Event: 21.160 GC heap after
{Heap after GC invocations=6 (full 0):
 garbage-first heap   total 1040384K, used 53800K [0x0000000412800000, 0x0000000800000000)
  region size 4096K, 1 young (4096K), 1 survivors (4096K)
 Metaspace       used 5243K, capacity 5432K, committed 5504K, reserved 1056768K
  class space    used 549K, capacity 626K, committed 640K, reserved 1048576K
}

