# JRE version: Java(TM) SE Runtime Environment (12.0.1+12) (build 12.0.1+12)
# Java VM: Java HotSpot(TM) 64-Bit Server VM (12.0.1+12, mixed mode, sharing, tiered, compressed oops, g1 gc, linux-amd64)
Heap:
 garbage-first heap   total 1040384K, used 258575K [0x0000000412800000, 0x0000000800000000)
  region size 4096K, 52 young (212992K), 1 survivors (4096K)
 Metaspace       used 5705K, capacity 5945K, committed 6144K, reserved 1056768K
  class space    used 575K, capacity 662K, committed 768K, reserved 1048576K
GC Heap History (10 events):
Event: 4.543 GC heap before
{Heap before GC invocations=1 (full 0):
 garbage-first heap   total 1040384K, used 618667K [0x0000000412800000, 0x0000000800000000)
  region size 4096K, 151 young (618496K), 2 survivors (8192K)
 Metaspace       used 5261K, capacity 5480K, committed 5760K, reserved 1056768K
  class space    used 550K, capacity 626K, committed 640K, reserved 1048576K
}
Event: 4.559 GC heap after
{Heap after GC invocations=2 (full 0):
 garbage-first heap   total 1040384K, used 53828K [0x0000000412800000, 0x0000000800000000)
  region size 4096K, 13 young (53248K), 13 survivors (53248K)
 Metaspace       used 5261K, capacity 5480K, committed 5760K, reserved 1056768K
  class space    used 550K, capacity 626K, committed 640K, reserved 1048576K
}
Event: 5.964 GC heap before
{Heap before GC invocations=2 (full 0):
 garbage-first heap   total 1040384K, used 594500K [0x0000000412800000, 0x0000000800000000)
  region size 4096K, 145 young (593920K), 13 survivors (53248K)
 Metaspace       used 5265K, capacity 5480K, committed 5760K, reserved 1056768K
  class space    used 550K, capacity 626K, committed 640K, reserved 1048576K
}
Event: 5.977 GC heap after
{Heap after GC invocations=3 (full 0):
 garbage-first heap   total 1040384K, used 53829K [0x0000000412800000, 0x0000000800000000)
  region size 4096K, 1 young (4096K), 1 survivors (4096K)
 Metaspace       used 5265K, capacity 5480K, committed 5760K, reserved 1056768K
  class space    used 550K, capacity 626K, committed 640K, reserved 1048576K
}
Event: 7.495 GC heap before
{Heap before GC invocations=3 (full 0):
 garbage-first heap   total 1040384K, used 606789K [0x0000000412800000, 0x0000000800000000)
  region size 4096K, 136 young (557056K), 1 survivors (4096K)
 Metaspace       used 5265K, capacity 5480K, committed 5760K, reserved 1056768K
  class space    used 550K, capacity 626K, committed 640K, reserved 1048576K
}
Event: 7.496 GC heap after
{Heap after GC invocations=4 (full 0):
 garbage-first heap   total 1040384K, used 53791K [0x0000000412800000, 0x0000000800000000)
  region size 4096K, 1 young (4096K), 1 survivors (4096K)
 Metaspace       used 5265K, capacity 5480K, committed 5760K, reserved 1056768K
  class space    used 550K, capacity 626K, committed 640K, reserved 1048576K
}
Event: 9.428 GC heap before
{Heap before GC invocations=4 (full 0):
 garbage-first heap   total 1040384K, used 668191K [0x0000000412800000, 0x0000000800000000)
  region size 4096K, 151 young (618496K), 1 survivors (4096K)
 Metaspace       used 5265K, capacity 5480K, committed 5760K, reserved 1056768K
  class space    used 550K, capacity 626K, committed 640K, reserved 1048576K
}
Event: 9.430 GC heap after
{Heap after GC invocations=5 (full 0):
 garbage-first heap   total 1040384K, used 53779K [0x0000000412800000, 0x0000000800000000)
  region size 4096K, 1 young (4096K), 1 survivors (4096K)
 Metaspace       used 5265K, capacity 5480K, committed 5760K, reserved 1056768K
  class space    used 550K, capacity 626K, committed 640K, reserved 1048576K
}
Event: 11.202 GC heap before
{Heap before GC invocations=5 (full 0):
 garbage-first heap   total 1040384K, used 668179K [0x0000000412800000, 0x0000000800000000)
  region size 4096K, 151 young (618496K), 1 survivors (4096K)
 Metaspace       used 5265K, capacity 5480K, committed 5760K, reserved 1056768K
  class space    used 550K, capacity 626K, committed 640K, reserved 1048576K
}
Event: 11.204 GC heap after
{Heap after GC invocations=6 (full 0):
 garbage-first heap   total 1040384K, used 53775K [0x0000000412800000, 0x0000000800000000)
  region size 4096K, 1 young (4096K), 1 survivors (4096K)
 Metaspace       used 5265K, capacity 5480K, committed 5760K, reserved 1056768K
  class space    used 550K, capacity 626K, committed 640K, reserved 1048576K
}

