# JRE version: Java(TM) SE Runtime Environment (12.0.2+10) (build 12.0.2+10)
# Java VM: Java HotSpot(TM) 64-Bit Server VM (12.0.2+10, mixed mode, sharing, tiered, compressed oops, g1 gc, linux-amd64)
Heap:
 garbage-first heap   total 2080768K, used 352759K [0x0000000412800000, 0x0000000800000000)
  region size 4096K, 2 young (8192K), 2 survivors (8192K)
 Metaspace       used 1087K, capacity 5017K, committed 5376K, reserved 1056768K
  class space    used 55K, capacity 424K, committed 512K, reserved 1048576K
GC Heap History (10 events):
Event: 30.936 GC heap after
{Heap after GC invocations=6 (full 0):
 garbage-first heap   total 1040384K, used 229469K [0x0000000412800000, 0x0000000800000000)
  region size 4096K, 19 young (77824K), 19 survivors (77824K)
 Metaspace       used 1072K, capacity 5017K, committed 5376K, reserved 1056768K
  class space    used 55K, capacity 424K, committed 512K, reserved 1048576K
}
Event: 31.283 GC heap before
{Heap before GC invocations=6 (full 0):
 garbage-first heap   total 1040384K, used 290909K [0x0000000412800000, 0x0000000800000000)
  region size 4096K, 34 young (139264K), 19 survivors (77824K)
 Metaspace       used 1073K, capacity 5017K, committed 5376K, reserved 1056768K
  class space    used 55K, capacity 424K, committed 512K, reserved 1048576K
}
Event: 31.368 GC heap after
{Heap after GC invocations=7 (full 0):
 garbage-first heap   total 1040384K, used 298464K [0x0000000412800000, 0x0000000800000000)
  region size 4096K, 5 young (20480K), 5 survivors (20480K)
 Metaspace       used 1073K, capacity 5017K, committed 5376K, reserved 1056768K
  class space    used 55K, capacity 424K, committed 512K, reserved 1048576K
}
Event: 60.710 GC heap before
{Heap before GC invocations=7 (full 0):
 garbage-first heap   total 1040384K, used 327136K [0x0000000412800000, 0x0000000800000000)
  region size 4096K, 12 young (49152K), 5 survivors (20480K)
 Metaspace       used 1087K, capacity 5017K, committed 5376K, reserved 1056768K
  class space    used 55K, capacity 424K, committed 512K, reserved 1048576K
}
Event: 60.756 GC heap after
{Heap after GC invocations=8 (full 0):
 garbage-first heap   total 1040384K, used 315747K [0x0000000412800000, 0x0000000800000000)
  region size 4096K, 2 young (8192K), 2 survivors (8192K)
 Metaspace       used 1087K, capacity 5017K, committed 5376K, reserved 1056768K
  class space    used 55K, capacity 424K, committed 512K, reserved 1048576K
}
Event: 62.675 GC heap before
{Heap before GC invocations=8 (full 0):
 garbage-first heap   total 1040384K, used 356707K [0x0000000412800000, 0x0000000800000000)
  region size 4096K, 12 young (49152K), 2 survivors (8192K)
 Metaspace       used 1087K, capacity 5017K, committed 5376K, reserved 1056768K
  class space    used 55K, capacity 424K, committed 512K, reserved 1048576K
}
Event: 62.737 GC heap after
{Heap after GC invocations=9 (full 0):
 garbage-first heap   total 1040384K, used 327764K [0x0000000412800000, 0x0000000800000000)
  region size 4096K, 2 young (8192K), 2 survivors (8192K)
 Metaspace       used 1087K, capacity 5017K, committed 5376K, reserved 1056768K
  class space    used 55K, capacity 424K, committed 512K, reserved 1048576K
}
Event: 65.148 GC heap before
{Heap before GC invocations=9 (full 0):
 garbage-first heap   total 1040384K, used 368724K [0x0000000412800000, 0x0000000800000000)
  region size 4096K, 12 young (49152K), 2 survivors (8192K)
 Metaspace       used 1087K, capacity 5017K, committed 5376K, reserved 1056768K
  class space    used 55K, capacity 424K, committed 512K, reserved 1048576K
}
Event: 65.218 GC heap after
{Heap after GC invocations=10 (full 0):
 garbage-first heap   total 1040384K, used 339154K [0x0000000412800000, 0x0000000800000000)
  region size 4096K, 2 young (8192K), 2 survivors (8192K)
 Metaspace       used 1087K, capacity 5017K, committed 5376K, reserved 1056768K
  class space    used 55K, capacity 424K, committed 512K, reserved 1048576K
}
Event: 67.723 GC heap before
{Heap before GC invocations=10 (full 0):
 garbage-first heap   total 1040384K, used 380114K [0x0000000412800000, 0x0000000800000000)
  region size 4096K, 12 young (49152K), 2 survivors (8192K)
 Metaspace       used 1087K, capacity 5017K, committed 5376K, reserved 1056768K
  class space    used 55K, capacity 424K, committed 512K, reserved 1048576K
}

